<?xml version="1.0" encoding="UTF-8"?>
<!-- Generated by org.testng.reporters.JUnitReportReporter -->
<testsuite hostname="LAPTOP-ARFD36ID" failures="0" tests="1" name="com.energion.campaigns.CreateTaskTest" time="2.137" errors="0" timestamp="2021-09-04T12:28:33 IST" skipped="0">
  <testcase classname="com.energion.campaigns.CreateTaskTest" name="createtask" time="2.137"/>
  <system-out/>
</testsuite> <!-- com.energion.campaigns.CreateTaskTest -->
