<?xml version="1.0" encoding="UTF-8"?>
<!-- Generated by org.testng.reporters.JUnitReportReporter -->
<testsuite hostname="LAPTOP-ARFD36ID" failures="0" tests="1" name="com.energion.campaigns.ViewCampaignsTest" time="2.961" errors="0" timestamp="2021-09-11T11:10:18 IST" skipped="0">
  <testcase classname="com.energion.campaigns.ViewCampaignsTest" name="viewCampaigns" time="2.961"/>
  <system-out/>
</testsuite> <!-- com.energion.campaigns.ViewCampaignsTest -->
