<?xml version="1.0" encoding="UTF-8"?>
<!-- Generated by org.testng.reporters.JUnitReportReporter -->
<testsuite hostname="LAPTOP-ARFD36ID" failures="0" tests="1" name="com.energion.campaigns.CreateViewTest" time="2.817" errors="0" timestamp="2021-09-04T12:28:33 IST" skipped="0">
  <testcase classname="com.energion.campaigns.CreateViewTest" name="createview" time="2.817"/>
  <system-out/>
</testsuite> <!-- com.energion.campaigns.CreateViewTest -->
