<?xml version="1.0" encoding="UTF-8"?>
<!-- Generated by org.testng.reporters.JUnitReportReporter -->
<testsuite hostname="LAPTOP-ARFD36ID" failures="0" tests="1" name="com.energion.campaigns.ViewCampaignsTest" time="3.104" errors="0" timestamp="2021-09-09T14:37:24 IST" skipped="0">
  <testcase classname="com.energion.campaigns.ViewCampaignsTest" name="viewCampaigns" time="3.104"/>
  <system-out/>
</testsuite> <!-- com.energion.campaigns.ViewCampaignsTest -->
