<?xml version="1.0" encoding="UTF-8"?>
<!-- Generated by org.testng.reporters.JUnitReportReporter -->
<testsuite hostname="LAPTOP-ARFD36ID" failures="0" tests="1" name="com.energion.campaigns.FindCampaignsTest" time="2.584" errors="0" timestamp="2021-09-04T12:28:33 IST" skipped="0">
  <testcase classname="com.energion.campaigns.FindCampaignsTest" name="findCampaign" time="2.584"/>
  <system-out/>
</testsuite> <!-- com.energion.campaigns.FindCampaignsTest -->
