<?xml version="1.0" encoding="UTF-8"?>
<!-- Generated by org.testng.reporters.JUnitReportReporter -->
<testsuite hostname="LAPTOP-ARFD36ID" failures="0" tests="1" name="com.energion.campaigns.CreateViewTest" time="8.278" errors="0" timestamp="2021-09-03T12:24:43 IST" skipped="0">
  <testcase classname="com.energion.campaigns.CreateViewTest" name="createview" time="8.278"/>
  <system-out/>
</testsuite> <!-- com.energion.campaigns.CreateViewTest -->
