<?xml version="1.0" encoding="UTF-8"?>
<!-- Generated by org.testng.reporters.JUnitReportReporter -->
<testsuite hostname="LAPTOP-ARFD36ID" failures="0" tests="1" name="com.energion.campaigns.CreateCampaignTest" time="8.362" errors="0" timestamp="2021-09-07T17:20:12 IST" skipped="0">
  <testcase classname="com.energion.campaigns.CreateCampaignTest" name="createCampaigns" time="8.362"/>
  <system-out/>
</testsuite> <!-- com.energion.campaigns.CreateCampaignTest -->
